Release 14.7 - xst P.20131013 (lin64)
Copyright (c) 1995-2013 Xilinx, Inc.  All rights reserved.
--> 
Parameter TMPDIR set to xst/projnav.tmp


Total REAL time to Xst completion: 0.00 secs
Total CPU time to Xst completion: 0.08 secs
 
--> 
Parameter xsthdpdir set to xst


Total REAL time to Xst completion: 0.00 secs
Total CPU time to Xst completion: 0.08 secs
 
--> 
Reading design: counter.prj

TABLE OF CONTENTS
  1) Synthesis Options Summary
  2) HDL Compilation
  3) Design Hierarchy Analysis
  4) HDL Analysis
  5) HDL Synthesis
     5.1) HDL Synthesis Report
  6) Advanced HDL Synthesis
     6.1) Advanced HDL Synthesis Report
  7) Low Level Synthesis
  8) Partition Report
  9) Final Report
	9.1) Device utilization summary
	9.2) Partition Resource Summary
	9.3) TIMING REPORT


=========================================================================
*                      Synthesis Options Summary                        *
=========================================================================
---- Source Parameters
Input File Name                    : "counter.prj"
Input Format                       : mixed
Ignore Synthesis Constraint File   : NO

---- Target Parameters
Output File Name                   : "counter"
Output Format                      : NGC
Target Device                      : xc3s500e-4-fg320

---- Source Options
Top Module Name                    : counter
Automatic FSM Extraction           : YES
FSM Encoding Algorithm             : Auto
Safe Implementation                : No
FSM Style                          : LUT
RAM Extraction                     : Yes
RAM Style                          : Auto
ROM Extraction                     : Yes
Mux Style                          : Auto
Decoder Extraction                 : YES
Priority Encoder Extraction        : Yes
Shift Register Extraction          : YES
Logical Shifter Extraction         : YES
XOR Collapsing                     : YES
ROM Style                          : Auto
Mux Extraction                     : Yes
Resource Sharing                   : YES
Asynchronous To Synchronous        : NO
Multiplier Style                   : Auto
Automatic Register Balancing       : No

---- Target Options
Add IO Buffers                     : YES
Global Maximum Fanout              : 100000
Add Generic Clock Buffer(BUFG)     : 24
Register Duplication               : YES
Slice Packing                      : YES
Optimize Instantiated Primitives   : NO
Use Clock Enable                   : Yes
Use Synchronous Set                : Yes
Use Synchronous Reset              : Yes
Pack IO Registers into IOBs        : Auto
Equivalent register Removal        : YES

---- General Options
Optimization Goal                  : Speed
Optimization Effort                : 1
Keep Hierarchy                     : No
Netlist Hierarchy                  : As_Optimized
RTL Output                         : Yes
Global Optimization                : AllClockNets
Read Cores                         : YES
Write Timing Constraints           : NO
Cross Clock Analysis               : NO
Hierarchy Separator                : /
Bus Delimiter                      : <>
Case Specifier                     : Maintain
Slice Utilization Ratio            : 100
BRAM Utilization Ratio             : 100
Verilog 2001                       : YES
Auto BRAM Packing                  : NO
Slice Utilization Ratio Delta      : 5

=========================================================================


=========================================================================
*                          HDL Compilation                              *
=========================================================================
Compiling verilog file "counter.v" in library work
Module <counter> compiled
No errors in compilation
Analysis of file <"counter.prj"> succeeded.
 

=========================================================================
*                     Design Hierarchy Analysis                         *
=========================================================================
Analyzing hierarchy for module <counter> in library <work>.


=========================================================================
*                            HDL Analysis                               *
=========================================================================
Analyzing top module <counter>.
WARNING:Xst:1467 - "counter.v" line 17: Reset or set value is not constant in <count>. It could involve simulation mismatches
WARNING:Xst:1467 - "counter.v" line 27: Reset or set value is not constant in <count1>. It could involve simulation mismatches
WARNING:Xst:1467 - "counter.v" line 27: Reset or set value is not constant in <count1>. It could involve simulation mismatches
Module <counter> is correct for synthesis.
 

=========================================================================
*                           HDL Synthesis                               *
=========================================================================

Performing bidirectional port resolution...

Synthesizing Unit <counter>.
    Related source file is "counter.v".
    Found 4-bit up counter for signal <count>.
    Found 26-bit down counter for signal <count1>.
    Summary:
	inferred   2 Counter(s).
Unit <counter> synthesized.


=========================================================================
HDL Synthesis Report

Macro Statistics
# Counters                                             : 2
 26-bit down counter                                   : 1
 4-bit up counter                                      : 1

=========================================================================

=========================================================================
*                       Advanced HDL Synthesis                          *
=========================================================================


=========================================================================
Advanced HDL Synthesis Report

Macro Statistics
# Counters                                             : 2
 26-bit down counter                                   : 1
 4-bit up counter                                      : 1

=========================================================================

=========================================================================
*                         Low Level Synthesis                           *
=========================================================================

Optimizing unit <counter> ...

Mapping all equations...
Building and optimizing final netlist ...
Found area constraint ratio of 100 (+ 5) on block counter, actual ratio is 0.

Final Macro Processing ...

=========================================================================
Final Register Report

Macro Statistics
# Registers                                            : 30
 Flip-Flops                                            : 30

=========================================================================

=========================================================================
*                           Partition Report                            *
=========================================================================

Partition Implementation Status
-------------------------------

  No Partitions were found in this design.

-------------------------------

=========================================================================
*                            Final Report                               *
=========================================================================
Final Results
RTL Top Level Output File Name     : counter.ngr
Top Level Output File Name         : counter
Output Format                      : NGC
Optimization Goal                  : Speed
Keep Hierarchy                     : No

Design Statistics
# IOs                              : 11

Cell Usage :
# BELS                             : 134
#      GND                         : 1
#      INV                         : 25
#      LUT1                        : 1
#      LUT2                        : 32
#      LUT3                        : 6
#      LUT4                        : 8
#      MUXCY                       : 32
#      MUXF5                       : 2
#      VCC                         : 1
#      XORCY                       : 26
# FlipFlops/Latches                : 30
#      FDCPE                       : 4
#      FDE                         : 26
# Clock Buffers                    : 1
#      BUFGP                       : 1
# IO Buffers                       : 10
#      IBUF                        : 6
#      OBUF                        : 4
=========================================================================

Device utilization summary:
---------------------------

Selected Device : 3s500efg320-4 

 Number of Slices:                       40  out of   4656     0%  
 Number of Slice Flip Flops:             30  out of   9312     0%  
 Number of 4 input LUTs:                 72  out of   9312     0%  
 Number of IOs:                          11
 Number of bonded IOBs:                  11  out of    232     4%  
 Number of GCLKs:                         1  out of     24     4%  

---------------------------
Partition Resource Summary:
---------------------------

  No Partitions were found in this design.

---------------------------


=========================================================================
TIMING REPORT

NOTE: THESE TIMING NUMBERS ARE ONLY A SYNTHESIS ESTIMATE.
      FOR ACCURATE TIMING INFORMATION PLEASE REFER TO THE TRACE REPORT
      GENERATED AFTER PLACE-and-ROUTE.

Clock Information:
------------------
-----------------------------------+------------------------+-------+
Clock Signal                       | Clock buffer(FF name)  | Load  |
-----------------------------------+------------------------+-------+
clk                                | BUFGP                  | 30    |
-----------------------------------+------------------------+-------+

Asynchronous Control Signals Information:
----------------------------------------
-------------------------------------+------------------------+-------+
Control Signal                       | Buffer(FF name)        | Load  |
-------------------------------------+------------------------+-------+
count_0__and0000(count_0__and00001:O)| NONE(count_0)          | 1     |
count_0__or0000(count_0__or00001:O)  | NONE(count_0)          | 1     |
count_1__and0000(count_1__and00001:O)| NONE(count_1)          | 1     |
count_1__or0000(count_1__or00001:O)  | NONE(count_1)          | 1     |
count_2__and0000(count_2__and00001:O)| NONE(count_2)          | 1     |
count_2__or0000(count_2__or00001:O)  | NONE(count_2)          | 1     |
count_3__and0000(count_3__and00001:O)| NONE(count_3)          | 1     |
count_3__or0000(count_3__or00001:O)  | NONE(count_3)          | 1     |
-------------------------------------+------------------------+-------+

Timing Summary:
---------------
Speed Grade: -4

   Minimum period: 6.112ns (Maximum Frequency: 163.613MHz)
   Minimum input arrival time before clock: 4.799ns
   Maximum output required time after clock: 4.496ns
   Maximum combinational path delay: No path found

Timing Detail:
--------------
All values displayed in nanoseconds (ns)

=========================================================================
Timing constraint: Default period analysis for Clock 'clk'
  Clock period: 6.112ns (frequency: 163.613MHz)
  Total number of paths / destination ports: 1141 / 34
-------------------------------------------------------------------------
Delay:               6.112ns (Levels of Logic = 28)
  Source:            count1_0 (FF)
  Destination:       count1_25 (FF)
  Source Clock:      clk rising
  Destination Clock: clk rising

  Data Path: count1_0 to count1_25
                                Gate     Net
    Cell:in->out      fanout   Delay   Delay  Logical Name (Net Name)
    ----------------------------------------  ------------
     FDE:C->Q              2   0.591   0.622  count1_0 (count1_0)
     LUT1:I0->O            1   0.704   0.000  Mcount_count1_cy<0>_rt (Mcount_count1_cy<0>_rt)
     MUXCY:S->O            1   0.464   0.000  Mcount_count1_cy<0> (Mcount_count1_cy<0>)
     MUXCY:CI->O           1   0.059   0.000  Mcount_count1_cy<1> (Mcount_count1_cy<1>)
     MUXCY:CI->O           1   0.059   0.000  Mcount_count1_cy<2> (Mcount_count1_cy<2>)
     MUXCY:CI->O           1   0.059   0.000  Mcount_count1_cy<3> (Mcount_count1_cy<3>)
     MUXCY:CI->O           1   0.059   0.000  Mcount_count1_cy<4> (Mcount_count1_cy<4>)
     MUXCY:CI->O           1   0.059   0.000  Mcount_count1_cy<5> (Mcount_count1_cy<5>)
     MUXCY:CI->O           1   0.059   0.000  Mcount_count1_cy<6> (Mcount_count1_cy<6>)
     MUXCY:CI->O           1   0.059   0.000  Mcount_count1_cy<7> (Mcount_count1_cy<7>)
     MUXCY:CI->O           1   0.059   0.000  Mcount_count1_cy<8> (Mcount_count1_cy<8>)
     MUXCY:CI->O           1   0.059   0.000  Mcount_count1_cy<9> (Mcount_count1_cy<9>)
     MUXCY:CI->O           1   0.059   0.000  Mcount_count1_cy<10> (Mcount_count1_cy<10>)
     MUXCY:CI->O           1   0.059   0.000  Mcount_count1_cy<11> (Mcount_count1_cy<11>)
     MUXCY:CI->O           1   0.059   0.000  Mcount_count1_cy<12> (Mcount_count1_cy<12>)
     MUXCY:CI->O           1   0.059   0.000  Mcount_count1_cy<13> (Mcount_count1_cy<13>)
     MUXCY:CI->O           1   0.059   0.000  Mcount_count1_cy<14> (Mcount_count1_cy<14>)
     MUXCY:CI->O           1   0.059   0.000  Mcount_count1_cy<15> (Mcount_count1_cy<15>)
     MUXCY:CI->O           1   0.059   0.000  Mcount_count1_cy<16> (Mcount_count1_cy<16>)
     MUXCY:CI->O           1   0.059   0.000  Mcount_count1_cy<17> (Mcount_count1_cy<17>)
     MUXCY:CI->O           1   0.059   0.000  Mcount_count1_cy<18> (Mcount_count1_cy<18>)
     MUXCY:CI->O           1   0.059   0.000  Mcount_count1_cy<19> (Mcount_count1_cy<19>)
     MUXCY:CI->O           1   0.059   0.000  Mcount_count1_cy<20> (Mcount_count1_cy<20>)
     MUXCY:CI->O           1   0.059   0.000  Mcount_count1_cy<21> (Mcount_count1_cy<21>)
     MUXCY:CI->O           1   0.059   0.000  Mcount_count1_cy<22> (Mcount_count1_cy<22>)
     MUXCY:CI->O           1   0.059   0.000  Mcount_count1_cy<23> (Mcount_count1_cy<23>)
     MUXCY:CI->O           0   0.059   0.000  Mcount_count1_cy<24> (Mcount_count1_cy<24>)
     XORCY:CI->O           1   0.804   0.499  Mcount_count1_xor<25> (Result<25>)
     LUT2:I1->O            1   0.704   0.000  Mcount_count1_eqn_251 (Mcount_count1_eqn_25)
     FDE:D                     0.308          count1_25
    ----------------------------------------
    Total                      6.112ns (4.991ns logic, 1.121ns route)
                                       (81.7% logic, 18.3% route)

=========================================================================
Timing constraint: Default OFFSET IN BEFORE for Clock 'clk'
  Total number of paths / destination ports: 60 / 30
-------------------------------------------------------------------------
Offset:              4.799ns (Levels of Logic = 2)
  Source:            set (PAD)
  Destination:       count1_0 (FF)
  Destination Clock: clk rising

  Data Path: set to count1_0
                                Gate     Net
    Cell:in->out      fanout   Delay   Delay  Logical Name (Net Name)
    ----------------------------------------  ------------
     IBUF:I->O            13   1.218   1.062  set_IBUF (set_IBUF)
     LUT2:I1->O           26   0.704   1.260  count1_not0001_inv1 (count1_not0001_inv)
     FDE:CE                    0.555          count1_0
    ----------------------------------------
    Total                      4.799ns (2.477ns logic, 2.322ns route)
                                       (51.6% logic, 48.4% route)

=========================================================================
Timing constraint: Default OFFSET OUT AFTER for Clock 'clk'
  Total number of paths / destination ports: 4 / 4
-------------------------------------------------------------------------
Offset:              4.496ns (Levels of Logic = 1)
  Source:            count_0 (FF)
  Destination:       count<0> (PAD)
  Source Clock:      clk rising

  Data Path: count_0 to count<0>
                                Gate     Net
    Cell:in->out      fanout   Delay   Delay  Logical Name (Net Name)
    ----------------------------------------  ------------
     FDCPE:C->Q            5   0.591   0.633  count_0 (count_0)
     OBUF:I->O                 3.272          count_0_OBUF (count<0>)
    ----------------------------------------
    Total                      4.496ns (3.863ns logic, 0.633ns route)
                                       (85.9% logic, 14.1% route)

=========================================================================


Total REAL time to Xst completion: 7.00 secs
Total CPU time to Xst completion: 6.47 secs
 
--> 


Total memory usage is 515412 kilobytes

Number of errors   :    0 (   0 filtered)
Number of warnings :    3 (   0 filtered)
Number of infos    :    0 (   0 filtered)

