Release 14.7 - xst P.20131013 (lin64)
Copyright (c) 1995-2013 Xilinx, Inc.  All rights reserved.
--> 
Parameter TMPDIR set to xst/projnav.tmp


Total REAL time to Xst completion: 0.00 secs
Total CPU time to Xst completion: 0.07 secs
 
--> 
Parameter xsthdpdir set to xst


Total REAL time to Xst completion: 0.00 secs
Total CPU time to Xst completion: 0.07 secs
 
--> 
Reading design: add4.prj

TABLE OF CONTENTS
  1) Synthesis Options Summary
  2) HDL Compilation
  3) Design Hierarchy Analysis
  4) HDL Analysis
  5) HDL Synthesis
     5.1) HDL Synthesis Report
  6) Advanced HDL Synthesis
     6.1) Advanced HDL Synthesis Report
  7) Low Level Synthesis
  8) Partition Report
  9) Final Report
	9.1) Device utilization summary
	9.2) Partition Resource Summary
	9.3) TIMING REPORT


=========================================================================
*                      Synthesis Options Summary                        *
=========================================================================
---- Source Parameters
Input File Name                    : "add4.prj"
Input Format                       : mixed
Ignore Synthesis Constraint File   : NO

---- Target Parameters
Output File Name                   : "add4"
Output Format                      : NGC
Target Device                      : xc3s500e-4-fg320

---- Source Options
Top Module Name                    : add4
Automatic FSM Extraction           : YES
FSM Encoding Algorithm             : Auto
Safe Implementation                : No
FSM Style                          : LUT
RAM Extraction                     : Yes
RAM Style                          : Auto
ROM Extraction                     : Yes
Mux Style                          : Auto
Decoder Extraction                 : YES
Priority Encoder Extraction        : Yes
Shift Register Extraction          : YES
Logical Shifter Extraction         : YES
XOR Collapsing                     : YES
ROM Style                          : Auto
Mux Extraction                     : Yes
Resource Sharing                   : YES
Asynchronous To Synchronous        : NO
Multiplier Style                   : Auto
Automatic Register Balancing       : No

---- Target Options
Add IO Buffers                     : YES
Global Maximum Fanout              : 100000
Add Generic Clock Buffer(BUFG)     : 24
Register Duplication               : YES
Slice Packing                      : YES
Optimize Instantiated Primitives   : NO
Use Clock Enable                   : Yes
Use Synchronous Set                : Yes
Use Synchronous Reset              : Yes
Pack IO Registers into IOBs        : Auto
Equivalent register Removal        : YES

---- General Options
Optimization Goal                  : Speed
Optimization Effort                : 1
Keep Hierarchy                     : No
Netlist Hierarchy                  : As_Optimized
RTL Output                         : Yes
Global Optimization                : AllClockNets
Read Cores                         : YES
Write Timing Constraints           : NO
Cross Clock Analysis               : NO
Hierarchy Separator                : /
Bus Delimiter                      : <>
Case Specifier                     : Maintain
Slice Utilization Ratio            : 100
BRAM Utilization Ratio             : 100
Verilog 2001                       : YES
Auto BRAM Packing                  : NO
Slice Utilization Ratio Delta      : 5

=========================================================================


=========================================================================
*                          HDL Compilation                              *
=========================================================================
Compiling verilog file "fulladder.v" in library work
Compiling verilog file "ass21.v" in library work
Module <fulladder> compiled
Module <add4> compiled
No errors in compilation
Analysis of file <"add4.prj"> succeeded.
 

=========================================================================
*                     Design Hierarchy Analysis                         *
=========================================================================
Analyzing hierarchy for module <add4> in library <work>.

Analyzing hierarchy for module <fulladder> in library <work>.


=========================================================================
*                            HDL Analysis                               *
=========================================================================
Analyzing top module <add4>.
Module <add4> is correct for synthesis.
 
Analyzing module <fulladder> in library <work>.
Module <fulladder> is correct for synthesis.
 

=========================================================================
*                           HDL Synthesis                               *
=========================================================================

Performing bidirectional port resolution...

Synthesizing Unit <fulladder>.
    Related source file is "fulladder.v".
Unit <fulladder> synthesized.


Synthesizing Unit <add4>.
    Related source file is "ass21.v".
WARNING:Xst:646 - Signal <hexout> is assigned but never used. This unconnected signal will be trimmed during the optimization process.
    Found 16x16-bit ROM for signal <$old_hexout_2>.
    Found 1-bit register for signal <a>.
    Found 1-bit register for signal <b>.
    Found 1-bit register for signal <c>.
    Found 1-bit register for signal <d>.
    Found 1-bit register for signal <e>.
    Found 1-bit register for signal <rs>.
    Found 1-bit register for signal <rw>.
    Found 6-bit register for signal <code>.
    Found 27-bit up counter for signal <count>.
    Found 4-bit register for signal <m>.
    Found 4-bit register for signal <n>.
    Found 1-bit register for signal <refresh>.
    Summary:
	inferred   1 ROM(s).
	inferred   1 Counter(s).
	inferred  22 D-type flip-flop(s).
Unit <add4> synthesized.


=========================================================================
HDL Synthesis Report

Macro Statistics
# ROMs                                                 : 1
 16x16-bit ROM                                         : 1
# Counters                                             : 1
 27-bit up counter                                     : 1
# Registers                                            : 11
 1-bit register                                        : 8
 4-bit register                                        : 2
 6-bit register                                        : 1

=========================================================================

=========================================================================
*                       Advanced HDL Synthesis                          *
=========================================================================


=========================================================================
Advanced HDL Synthesis Report

Macro Statistics
# ROMs                                                 : 1
 16x16-bit ROM                                         : 1
# Counters                                             : 1
 27-bit up counter                                     : 1
# Registers                                            : 22
 Flip-Flops                                            : 22

=========================================================================

=========================================================================
*                         Low Level Synthesis                           *
=========================================================================

Optimizing unit <add4> ...

Mapping all equations...
Building and optimizing final netlist ...
Found area constraint ratio of 100 (+ 5) on block add4, actual ratio is 0.

Final Macro Processing ...

Processing Unit <add4> :
	Found 2-bit shift register for signal <rs_OBUF>.
	Found 2-bit shift register for signal <e_OBUF>.
Unit <add4> processed.

=========================================================================
Final Register Report

Macro Statistics
# Registers                                            : 45
 Flip-Flops                                            : 45
# Shift Registers                                      : 2
 2-bit shift register                                  : 2

=========================================================================

=========================================================================
*                           Partition Report                            *
=========================================================================

Partition Implementation Status
-------------------------------

  No Partitions were found in this design.

-------------------------------

=========================================================================
*                            Final Report                               *
=========================================================================
Final Results
RTL Top Level Output File Name     : add4.ngr
Top Level Output File Name         : add4
Output Format                      : NGC
Optimization Goal                  : Speed
Keep Hierarchy                     : No

Design Statistics
# IOs                              : 16

Cell Usage :
# BELS                             : 120
#      GND                         : 1
#      INV                         : 1
#      LUT1                        : 26
#      LUT2                        : 5
#      LUT2_D                      : 2
#      LUT3                        : 2
#      LUT3_L                      : 2
#      LUT4                        : 19
#      LUT4_D                      : 3
#      LUT4_L                      : 3
#      MUXCY                       : 26
#      MUXF5                       : 2
#      VCC                         : 1
#      XORCY                       : 27
# FlipFlops/Latches                : 47
#      FD                          : 37
#      FDE                         : 8
#      FDS                         : 2
# Shift Registers                  : 2
#      SRL16                       : 2
# Clock Buffers                    : 1
#      BUFGP                       : 1
# IO Buffers                       : 15
#      IBUF                        : 6
#      OBUF                        : 9
=========================================================================

Device utilization summary:
---------------------------

Selected Device : 3s500efg320-4 

 Number of Slices:                       37  out of   4656     0%  
 Number of Slice Flip Flops:             47  out of   9312     0%  
 Number of 4 input LUTs:                 65  out of   9312     0%  
    Number used as logic:                63
    Number used as Shift registers:       2
 Number of IOs:                          16
 Number of bonded IOBs:                  16  out of    232     6%  
 Number of GCLKs:                         1  out of     24     4%  

---------------------------
Partition Resource Summary:
---------------------------

  No Partitions were found in this design.

---------------------------


=========================================================================
TIMING REPORT

NOTE: THESE TIMING NUMBERS ARE ONLY A SYNTHESIS ESTIMATE.
      FOR ACCURATE TIMING INFORMATION PLEASE REFER TO THE TRACE REPORT
      GENERATED AFTER PLACE-and-ROUTE.

Clock Information:
------------------
-----------------------------------+------------------------+-------+
Clock Signal                       | Clock buffer(FF name)  | Load  |
-----------------------------------+------------------------+-------+
clk                                | BUFGP                  | 49    |
-----------------------------------+------------------------+-------+

Asynchronous Control Signals Information:
----------------------------------------
No asynchronous control signals found in this design

Timing Summary:
---------------
Speed Grade: -4

   Minimum period: 7.315ns (Maximum Frequency: 136.705MHz)
   Minimum input arrival time before clock: 3.872ns
   Maximum output required time after clock: 7.396ns
   Maximum combinational path delay: No path found

Timing Detail:
--------------
All values displayed in nanoseconds (ns)

=========================================================================
Timing constraint: Default period analysis for Clock 'clk'
  Clock period: 7.315ns (frequency: 136.705MHz)
  Total number of paths / destination ports: 598 / 43
-------------------------------------------------------------------------
Delay:               7.315ns (Levels of Logic = 5)
  Source:            m_1 (FF)
  Destination:       code_1 (FF)
  Source Clock:      clk rising
  Destination Clock: clk rising

  Data Path: m_1 to code_1
                                Gate     Net
    Cell:in->out      fanout   Delay   Delay  Logical Name (Net Name)
    ----------------------------------------  ------------
     FDE:C->Q              4   0.591   0.762  m_1 (m_1)
     LUT4_D:I0->O          4   0.704   0.591  ins3/sum21 (N8)
     LUT4_D:I3->O          5   0.704   0.637  ins4/sum1 (sum<3>)
     LUT4:I3->O            2   0.704   0.447  code_mux0000<4>76 (code_mux0000<4>76)
     MUXF5:S->O            1   0.739   0.424  code_mux0000<4>79_SW1 (N5)
     LUT4:I3->O            1   0.704   0.000  code_mux0000<4>122 (code_mux0000<4>)
     FD:D                      0.308          code_1
    ----------------------------------------
    Total                      7.315ns (4.454ns logic, 2.861ns route)
                                       (60.9% logic, 39.1% route)

=========================================================================
Timing constraint: Default OFFSET IN BEFORE for Clock 'clk'
  Total number of paths / destination ports: 20 / 16
-------------------------------------------------------------------------
Offset:              3.872ns (Levels of Logic = 2)
  Source:            btn<0> (PAD)
  Destination:       n_0 (FF)
  Destination Clock: clk rising

  Data Path: btn<0> to n_0
                                Gate     Net
    Cell:in->out      fanout   Delay   Delay  Logical Name (Net Name)
    ----------------------------------------  ------------
     IBUF:I->O             5   1.218   0.808  btn_0_IBUF (btn_0_IBUF)
     LUT2:I0->O            4   0.704   0.587  n_not00011 (n_not0001)
     FDE:CE                    0.555          n_0
    ----------------------------------------
    Total                      3.872ns (2.477ns logic, 1.395ns route)
                                       (64.0% logic, 36.0% route)

=========================================================================
Timing constraint: Default OFFSET OUT AFTER for Clock 'clk'
  Total number of paths / destination ports: 22 / 8
-------------------------------------------------------------------------
Offset:              7.396ns (Levels of Logic = 4)
  Source:            m_1 (FF)
  Destination:       carry (PAD)
  Source Clock:      clk rising

  Data Path: m_1 to carry
                                Gate     Net
    Cell:in->out      fanout   Delay   Delay  Logical Name (Net Name)
    ----------------------------------------  ------------
     FDE:C->Q              4   0.591   0.762  m_1 (m_1)
     LUT4_D:I0->O          4   0.704   0.622  ins3/sum21 (N8)
     LUT4:I2->O            1   0.704   0.000  ins4/carryout11 (ins4/carryout1)
     MUXF5:I1->O           1   0.321   0.420  ins4/carryout1_f5 (carry_OBUF)
     OBUF:I->O                 3.272          carry_OBUF (carry)
    ----------------------------------------
    Total                      7.396ns (5.592ns logic, 1.804ns route)
                                       (75.6% logic, 24.4% route)

=========================================================================


Total REAL time to Xst completion: 7.00 secs
Total CPU time to Xst completion: 6.91 secs
 
--> 


Total memory usage is 515712 kilobytes

Number of errors   :    0 (   0 filtered)
Number of warnings :    2 (   0 filtered)
Number of infos    :    0 (   0 filtered)

