ISim log file
Running: /home/akash/final/group 18/ass21/test_4bit_isim_beh.exe -intstyle ise -gui -tclbatch isim.cmd -wdb /home/akash/final/group 18/ass21/test_4bit_isim_beh.wdb 
ISim P.20131013 (signature 0xfbc00daa)
WARNING: A WEBPACK license was found.
WARNING: Please use Xilinx License Configuration Manager to check out a full ISim license.
WARNING: ISim will run in Lite mode. Please refer to the ISim documentation for more information on the differences between the Lite and the Full version.
This is a Lite version of ISim.
WARNING:  For instance uut/ins1/, width 1 of formal port carryin is not equal to width 32 of actual constant.
Time resolution is 1 ps
# onerror resume
# wave add /
# run 1000 ns
Simulator is doing circuit initialization process.
Finished circuit initialization process.
Stopped at time : 220 ns :  in File "/home/akash/final/group 18/ass21/add4Test.v" Line 36 
# run all
Stopped at time : 440 ns :  in File "/home/akash/final/group 18/ass21/add4Test.v" Line 48 
# run all
Stopped at time : 660 ns :  in File "/home/akash/final/group 18/ass21/add4Test.v" Line 59 
# run all
Stopped at time : 880 ns :  in File "/home/akash/final/group 18/ass21/add4Test.v" Line 70 
# run all
Stopped at time : 1100 ns :  in File "/home/akash/final/group 18/ass21/add4Test.v" Line 84 
